<?xml version="1.0" encoding="UTF-8"?>
<!-- Generated by org.testng.reporters.JUnitReportReporter -->
<testsuite hostname="Arifuls-MBP.lan" failures="0" tests="4" name="testPages.HomePageTest" time="28.205" errors="0" timestamp="2023-01-10T17:14:31 EST" skipped="3">
  <testcase classname="testPages.HomePageTest" name="clickSignInTest" time="28.205"/>
  <system-out/>
  <testcase classname="testPages.HomePageTest" name="clickSearchBoxTest">
    <skipped/>
  </testcase> <!-- clickSearchBoxTest -->
  <system-out/>
  <testcase classname="testPages.HomePageTest" name="useOfSendKeysTest">
    <skipped/>
  </testcase> <!-- useOfSendKeysTest -->
  <system-out/>
  <testcase classname="testPages.HomePageTest" name="clickSaveBoxTest">
    <skipped/>
  </testcase> <!-- clickSaveBoxTest -->
  <system-out/>
</testsuite> <!-- testPages.HomePageTest -->
